<?xml version="1.0" encoding="UTF-8"?>
<!-- Generated by org.testng.reporters.JUnitReportReporter -->
<testsuite hostname="Dell-A" failures="0" tests="1" name="tests.HomeTest" time="1.268" errors="0" timestamp="2024-09-05T16:35:46 PDT" skipped="0">
  <testcase classname="tests.HomeTest" name="method2" time="1.268"/>
</testsuite> <!-- tests.HomeTest -->
